android/chess_app/app/build/intermediates/manifest_merge_blame_file/debug/manifest-merger-blame-debug-report.txt
1<?xml version="1.0" encoding="utf-8"?>
2<manifest xmlns:android="http://schemas.android.com/apk/res/android"
3    package="org.libsdl.app"
4    android:installLocation="auto"
5    android:versionCode="1"
6    android:versionName="1.0" >
7
8    <uses-sdk
9        android:minSdkVersion="19"
10        android:targetSdkVersion="34" />
11
12    <!-- OpenGL ES 2.0 -->
13    <uses-feature android:glEsVersion="0x00020000" />
13-->src/main/AndroidManifest.xml:8:5-54
13-->src/main/AndroidManifest.xml:8:19-51
14
15    <!-- Touchscreen support -->
16    <uses-feature
16-->src/main/AndroidManifest.xml:11:5-13:36
17        android:name="android.hardware.touchscreen"
17-->src/main/AndroidManifest.xml:12:9-52
18        android:required="false" />
18-->src/main/AndroidManifest.xml:13:9-33
19
20    <!-- Game controller support -->
21    <uses-feature
21-->src/main/AndroidManifest.xml:16:5-18:36
22        android:name="android.hardware.bluetooth"
22-->src/main/AndroidManifest.xml:17:9-50
23        android:required="false" />
23-->src/main/AndroidManifest.xml:18:9-33
24    <uses-feature
24-->src/main/AndroidManifest.xml:19:5-21:36
25        android:name="android.hardware.gamepad"
25-->src/main/AndroidManifest.xml:20:9-48
26        android:required="false" />
26-->src/main/AndroidManifest.xml:21:9-33
27    <uses-feature
27-->src/main/AndroidManifest.xml:22:5-24:36
28        android:name="android.hardware.usb.host"
28-->src/main/AndroidManifest.xml:23:9-49
29        android:required="false" />
29-->src/main/AndroidManifest.xml:24:9-33
30
31    <!-- External mouse input events -->
32    <uses-feature
32-->src/main/AndroidManifest.xml:27:5-29:36
33        android:name="android.hardware.type.pc"
33-->src/main/AndroidManifest.xml:28:9-48
34        android:required="false" />
34-->src/main/AndroidManifest.xml:29:9-33
35
36    <!-- Audio recording support -->
37    <!-- if you want to capture audio, uncomment this. -->
38    <!--
39         <uses-feature
40        android:name="android.hardware.microphone"
41        android:required="false" />
42    -->
43
44
45    <!-- Allow downloading to the external storage on Android 5.1 and older -->
46    <!-- <uses-permission android:name="android.permission.WRITE_EXTERNAL_STORAGE" android:maxSdkVersion="22" /> -->
47
48
49    <!-- Allow access to Bluetooth devices -->
50    <!-- Currently this is just for Steam Controller support and requires setting SDL_HINT_JOYSTICK_HIDAPI_STEAM -->
51    <!-- <uses-permission android:name="android.permission.BLUETOOTH" android:maxSdkVersion="30" /> -->
52    <!-- <uses-permission android:name="android.permission.BLUETOOTH_CONNECT" /> -->
53
54
55    <!-- Allow access to the vibrator -->
56    <uses-permission android:name="android.permission.VIBRATE" />
56-->src/main/AndroidManifest.xml:46:5-66
56-->src/main/AndroidManifest.xml:46:22-63
57
58    <!-- if you want to capture audio, uncomment this. -->
59    <!-- <uses-permission android:name="android.permission.RECORD_AUDIO" /> -->
60
61
62    <!-- Allow access to the internet -->
63    <uses-permission android:name="android.permission.INTERNET" />
63-->src/main/AndroidManifest.xml:52:5-67
63-->src/main/AndroidManifest.xml:52:22-64
64
65    <!-- Allow access to the network state -->
66    <uses-permission android:name="android.permission.ACCESS_NETWORK_STATE" />
66-->src/main/AndroidManifest.xml:55:5-79
66-->src/main/AndroidManifest.xml:55:22-76
67
68    <!--
69     Create a Java class extending SDLActivity and place it in a
70         directory under app/src/main/java matching the package, e.g. app/src/main/java/com/gamemaker/game/MyGame.java
71 
72         then replace "SDLActivity" with the name of your class (e.g. "MyGame")
73         in the XML below.
74
75         An example Java class can be found in README-android.md
76    -->
77    <application
77-->src/main/AndroidManifest.xml:65:5-101:19
78        android:allowBackup="true"
78-->src/main/AndroidManifest.xml:67:9-35
79        android:debuggable="true"
80        android:extractNativeLibs="true"
81        android:hardwareAccelerated="true"
81-->src/main/AndroidManifest.xml:69:9-43
82        android:icon="@mipmap/ic_launcher"
82-->src/main/AndroidManifest.xml:66:9-43
83        android:label="@string/app_name"
83-->src/main/AndroidManifest.xml:65:18-50
84        android:theme="@style/AppTheme" >
84-->src/main/AndroidManifest.xml:68:9-40
85
86        <!--
87        Example of setting SDL hints from AndroidManifest.xml:
88        <meta-data android:name="SDL_ENV.SDL_ACCELEROMETER_AS_JOYSTICK" android:value="0"/>
89        -->
90
91        <activity
91-->src/main/AndroidManifest.xml:75:9-100:20
92            android:name="org.libsdl.app.SDLActivity"
92-->src/main/AndroidManifest.xml:75:19-45
93            android:alwaysRetainTaskState="true"
93-->src/main/AndroidManifest.xml:77:13-49
94            android:configChanges="layoutDirection|locale|orientation|uiMode|screenLayout|screenSize|smallestScreenSize|keyboard|keyboardHidden|navigation"
94-->src/main/AndroidManifest.xml:79:13-156
95            android:exported="true"
95-->src/main/AndroidManifest.xml:81:13-36
96            android:label="@string/app_name"
96-->src/main/AndroidManifest.xml:76:13-45
97            android:launchMode="singleInstance"
97-->src/main/AndroidManifest.xml:78:13-48
98            android:preferMinimalPostProcessing="true"
98-->src/main/AndroidManifest.xml:80:13-55
99            android:screenOrientation="portrait" >
99-->src/main/AndroidManifest.xml:82:4-40
100            <intent-filter>
100-->src/main/AndroidManifest.xml:84:13-87:29
101                <action android:name="android.intent.action.MAIN" />
101-->src/main/AndroidManifest.xml:85:17-69
101-->src/main/AndroidManifest.xml:85:25-66
102
103                <category android:name="android.intent.category.LAUNCHER" />
103-->src/main/AndroidManifest.xml:86:17-77
103-->src/main/AndroidManifest.xml:86:27-74
104            </intent-filter>
105            <!-- Let Android know that we can handle some USB devices and should receive this event -->
106            <intent-filter>
106-->src/main/AndroidManifest.xml:89:13-91:29
107                <action android:name="android.hardware.usb.action.USB_DEVICE_ATTACHED" />
107-->src/main/AndroidManifest.xml:90:17-90
107-->src/main/AndroidManifest.xml:90:25-87
108            </intent-filter>
109            <!-- Drop file event -->
110            <!--
111            <intent-filter>
112                <action android:name="android.intent.action.VIEW" />
113                <category android:name="android.intent.category.DEFAULT" />
114                <data android:mimeType="*/*" />
115            </intent-filter>
116            -->
117        </activity>
118    </application>
119
120</manifest>